0 info it worked if it ends with ok
1 verbose cli [ 'C:\\Program Files\\nodejs\\node.exe',
1 verbose cli   'C:\\Program Files\\nodejs\\node_modules\\npm\\bin\\npm-cli.js',
1 verbose cli   'install',
1 verbose cli   'react-addons-update',
1 verbose cli   '--save' ]
2 info using npm@2.15.8
3 info using node@v4.4.7
4 verbose install initial load of C:\Users\scarlile\Documents\random JS\Node\kanban-app\package.json
5 verbose installManyTop reading scoped package data from C:\Users\scarlile\Documents\random JS\Node\kanban-app\node_modules\alt\package.json
6 verbose installManyTop reading scoped package data from C:\Users\scarlile\Documents\random JS\Node\kanban-app\node_modules\alt-container\package.json
7 verbose installManyTop reading scoped package data from C:\Users\scarlile\Documents\random JS\Node\kanban-app\node_modules\alt-utils\package.json
8 verbose installManyTop reading scoped package data from C:\Users\scarlile\Documents\random JS\Node\kanban-app\node_modules\babel-core\package.json
9 verbose installManyTop reading scoped package data from C:\Users\scarlile\Documents\random JS\Node\kanban-app\node_modules\babel-eslint\package.json
10 verbose installManyTop reading scoped package data from C:\Users\scarlile\Documents\random JS\Node\kanban-app\node_modules\babel-loader\package.json
11 verbose installManyTop reading scoped package data from C:\Users\scarlile\Documents\random JS\Node\kanban-app\node_modules\babel-preset-es2015\package.json
12 verbose installManyTop reading scoped package data from C:\Users\scarlile\Documents\random JS\Node\kanban-app\node_modules\babel-preset-react\package.json
13 verbose installManyTop reading scoped package data from C:\Users\scarlile\Documents\random JS\Node\kanban-app\node_modules\babel-preset-react-hmre\package.json
14 verbose installManyTop reading scoped package data from C:\Users\scarlile\Documents\random JS\Node\kanban-app\node_modules\babel-preset-survivejs-kanban\package.json
15 verbose installManyTop reading scoped package data from C:\Users\scarlile\Documents\random JS\Node\kanban-app\node_modules\classnames\package.json
16 verbose installManyTop reading scoped package data from C:\Users\scarlile\Documents\random JS\Node\kanban-app\node_modules\clean-webpack-plugin\package.json
17 verbose installManyTop reading scoped package data from C:\Users\scarlile\Documents\random JS\Node\kanban-app\node_modules\css-loader\package.json
18 verbose installManyTop reading scoped package data from C:\Users\scarlile\Documents\random JS\Node\kanban-app\node_modules\eslint\package.json
19 verbose installManyTop reading scoped package data from C:\Users\scarlile\Documents\random JS\Node\kanban-app\node_modules\eslint-loader\package.json
20 verbose installManyTop reading scoped package data from C:\Users\scarlile\Documents\random JS\Node\kanban-app\node_modules\eslint-plugin-react\package.json
21 verbose installManyTop reading scoped package data from C:\Users\scarlile\Documents\random JS\Node\kanban-app\node_modules\expose-loader\package.json
22 verbose installManyTop reading scoped package data from C:\Users\scarlile\Documents\random JS\Node\kanban-app\node_modules\extract-text-webpack-plugin\package.json
23 verbose installManyTop reading scoped package data from C:\Users\scarlile\Documents\random JS\Node\kanban-app\node_modules\gh-pages\package.json
24 verbose installManyTop reading scoped package data from C:\Users\scarlile\Documents\random JS\Node\kanban-app\node_modules\html-webpack-plugin\package.json
25 verbose installManyTop reading scoped package data from C:\Users\scarlile\Documents\random JS\Node\kanban-app\node_modules\html-webpack-template\package.json
26 verbose installManyTop reading scoped package data from C:\Users\scarlile\Documents\random JS\Node\kanban-app\node_modules\isparta-instrumenter-loader\package.json
27 verbose installManyTop reading scoped package data from C:\Users\scarlile\Documents\random JS\Node\kanban-app\node_modules\karma\package.json
28 verbose installManyTop reading scoped package data from C:\Users\scarlile\Documents\random JS\Node\kanban-app\node_modules\karma-coverage\package.json
29 verbose installManyTop reading scoped package data from C:\Users\scarlile\Documents\random JS\Node\kanban-app\node_modules\karma-mocha\package.json
30 verbose installManyTop reading scoped package data from C:\Users\scarlile\Documents\random JS\Node\kanban-app\node_modules\karma-phantomjs-launcher\package.json
31 verbose installManyTop reading scoped package data from C:\Users\scarlile\Documents\random JS\Node\kanban-app\node_modules\karma-sourcemap-loader\package.json
32 verbose installManyTop reading scoped package data from C:\Users\scarlile\Documents\random JS\Node\kanban-app\node_modules\karma-spec-reporter\package.json
33 verbose installManyTop reading scoped package data from C:\Users\scarlile\Documents\random JS\Node\kanban-app\node_modules\karma-webpack\package.json
34 verbose installManyTop reading scoped package data from C:\Users\scarlile\Documents\random JS\Node\kanban-app\node_modules\mocha\package.json
35 verbose installManyTop reading scoped package data from C:\Users\scarlile\Documents\random JS\Node\kanban-app\node_modules\npm-install-webpack-plugin\package.json
36 verbose installManyTop reading scoped package data from C:\Users\scarlile\Documents\random JS\Node\kanban-app\node_modules\phantomjs-polyfill\package.json
37 verbose installManyTop reading scoped package data from C:\Users\scarlile\Documents\random JS\Node\kanban-app\node_modules\phantomjs-prebuilt\package.json
38 verbose installManyTop reading scoped package data from C:\Users\scarlile\Documents\random JS\Node\kanban-app\node_modules\react\package.json
39 verbose installManyTop reading scoped package data from C:\Users\scarlile\Documents\random JS\Node\kanban-app\node_modules\react-addons-perf\package.json
40 verbose installManyTop reading scoped package data from C:\Users\scarlile\Documents\random JS\Node\kanban-app\node_modules\react-addons-test-utils\package.json
41 verbose installManyTop reading scoped package data from C:\Users\scarlile\Documents\random JS\Node\kanban-app\node_modules\react-dnd\package.json
42 verbose installManyTop reading scoped package data from C:\Users\scarlile\Documents\random JS\Node\kanban-app\node_modules\react-dnd-html5-backend\package.json
43 verbose installManyTop reading scoped package data from C:\Users\scarlile\Documents\random JS\Node\kanban-app\node_modules\react-dom\package.json
44 verbose installManyTop reading scoped package data from C:\Users\scarlile\Documents\random JS\Node\kanban-app\node_modules\redux\package.json
45 verbose installManyTop reading scoped package data from C:\Users\scarlile\Documents\random JS\Node\kanban-app\node_modules\style-loader\package.json
46 verbose installManyTop reading scoped package data from C:\Users\scarlile\Documents\random JS\Node\kanban-app\node_modules\uuid\package.json
47 verbose installManyTop reading scoped package data from C:\Users\scarlile\Documents\random JS\Node\kanban-app\node_modules\webpack\package.json
48 verbose installManyTop reading scoped package data from C:\Users\scarlile\Documents\random JS\Node\kanban-app\node_modules\webpack-dev-server\package.json
49 verbose installManyTop reading scoped package data from C:\Users\scarlile\Documents\random JS\Node\kanban-app\node_modules\webpack-merge\package.json
50 verbose installManyTop reading scoped package data from C:\Users\scarlile\Documents\random JS\Node\kanban-app\node_modules\webpack-validator\package.json
51 info package.json alt-utils@1.0.0 No repository field.
52 info package.json alt-utils@1.0.0 No README data
53 info package.json clean-webpack-plugin@0.1.10 No license field.
54 info package.json expose-loader@0.7.1 No license field.
55 verbose readDependencies loading dependencies from C:\Users\scarlile\Documents\random JS\Node\kanban-app\package.json
56 silly cache add args [ 'react-addons-update', null ]
57 verbose cache add spec react-addons-update
58 silly cache add parsed spec Result {
58 silly cache add   raw: 'react-addons-update',
58 silly cache add   scope: null,
58 silly cache add   name: 'react-addons-update',
58 silly cache add   rawSpec: '',
58 silly cache add   spec: 'latest',
58 silly cache add   type: 'tag' }
59 silly addNamed react-addons-update@latest
60 verbose addNamed "latest" is being treated as a dist-tag for react-addons-update
61 info addNameTag [ 'react-addons-update', 'latest' ]
62 silly mapToRegistry name react-addons-update
63 silly mapToRegistry using default registry
64 silly mapToRegistry registry https://registry.npmjs.org/
65 silly mapToRegistry data Result {
65 silly mapToRegistry   raw: 'react-addons-update',
65 silly mapToRegistry   scope: null,
65 silly mapToRegistry   name: 'react-addons-update',
65 silly mapToRegistry   rawSpec: '',
65 silly mapToRegistry   spec: 'latest',
65 silly mapToRegistry   type: 'tag' }
66 silly mapToRegistry uri https://registry.npmjs.org/react-addons-update
67 verbose addNameTag registry:https://registry.npmjs.org/react-addons-update not in flight; fetching
68 verbose request uri https://registry.npmjs.org/react-addons-update
69 verbose request no auth needed
70 info attempt registry request try #1 at 1:50:20 PM
71 verbose request id 23ce199726f2dbcb
72 http request GET https://registry.npmjs.org/react-addons-update
73 http 200 https://registry.npmjs.org/react-addons-update
74 verbose headers { server: 'CouchDB/1.5.0 (Erlang OTP/R16B03)',
74 verbose headers   etag: '"EVDK2V3VEKCQNKIWAEKQFAW0T"',
74 verbose headers   'content-type': 'application/json',
74 verbose headers   'content-encoding': 'gzip',
74 verbose headers   'cache-control': 'max-age=300',
74 verbose headers   'content-length': '5207',
74 verbose headers   'accept-ranges': 'bytes',
74 verbose headers   date: 'Wed, 10 Aug 2016 18:50:20 GMT',
74 verbose headers   via: '1.1 varnish',
74 verbose headers   age: '62',
74 verbose headers   connection: 'keep-alive',
74 verbose headers   'x-served-by': 'cache-dfw1838-DFW',
74 verbose headers   'x-cache': 'HIT',
74 verbose headers   'x-cache-hits': '1',
74 verbose headers   'x-timer': 'S1470855020.274095,VS0,VE0',
74 verbose headers   vary: 'Accept-Encoding' }
75 silly get cb [ 200,
75 silly get   { server: 'CouchDB/1.5.0 (Erlang OTP/R16B03)',
75 silly get     etag: '"EVDK2V3VEKCQNKIWAEKQFAW0T"',
75 silly get     'content-type': 'application/json',
75 silly get     'content-encoding': 'gzip',
75 silly get     'cache-control': 'max-age=300',
75 silly get     'content-length': '5207',
75 silly get     'accept-ranges': 'bytes',
75 silly get     date: 'Wed, 10 Aug 2016 18:50:20 GMT',
75 silly get     via: '1.1 varnish',
75 silly get     age: '62',
75 silly get     connection: 'keep-alive',
75 silly get     'x-served-by': 'cache-dfw1838-DFW',
75 silly get     'x-cache': 'HIT',
75 silly get     'x-cache-hits': '1',
75 silly get     'x-timer': 'S1470855020.274095,VS0,VE0',
75 silly get     vary: 'Accept-Encoding' } ]
76 verbose get saving react-addons-update to C:\Users\scarlile\AppData\Roaming\npm-cache\registry.npmjs.org\react-addons-update\.cache.json
77 verbose correctMkdir C:\Users\scarlile\AppData\Roaming\npm-cache correctMkdir not in flight; initializing
78 silly addNameTag next cb for react-addons-update with tag latest
79 silly addNamed react-addons-update@15.3.0
80 verbose addNamed "15.3.0" is a plain semver version for react-addons-update
81 silly mapToRegistry name react-addons-update
82 silly mapToRegistry using default registry
83 silly mapToRegistry registry https://registry.npmjs.org/
84 silly mapToRegistry data Result {
84 silly mapToRegistry   raw: 'react-addons-update',
84 silly mapToRegistry   scope: null,
84 silly mapToRegistry   name: 'react-addons-update',
84 silly mapToRegistry   rawSpec: '',
84 silly mapToRegistry   spec: 'latest',
84 silly mapToRegistry   type: 'tag' }
85 silly mapToRegistry uri https://registry.npmjs.org/react-addons-update
86 verbose addRemoteTarball https://registry.npmjs.org/react-addons-update/-/react-addons-update-15.3.0.tgz not in flight; adding
87 verbose addRemoteTarball [ 'https://registry.npmjs.org/react-addons-update/-/react-addons-update-15.3.0.tgz',
87 verbose addRemoteTarball   '69782a29e037d5a621f6da88c35442e3bf113029' ]
88 info retry fetch attempt 1 at 1:50:20 PM
89 info attempt registry request try #1 at 1:50:20 PM
90 http fetch GET https://registry.npmjs.org/react-addons-update/-/react-addons-update-15.3.0.tgz
91 http fetch 200 https://registry.npmjs.org/react-addons-update/-/react-addons-update-15.3.0.tgz
92 silly fetchAndShaCheck shasum 69782a29e037d5a621f6da88c35442e3bf113029
93 verbose addTmpTarball C:\Users\scarlile\AppData\Local\Temp\npm-4992-49e41d51\registry.npmjs.org\react-addons-update\-\react-addons-update-15.3.0.tgz not in flight; adding
94 verbose addTmpTarball already have metadata; skipping unpack for react-addons-update@15.3.0
95 verbose correctMkdir C:\Users\scarlile\AppData\Roaming\npm-cache correctMkdir not in flight; initializing
96 silly cache afterAdd react-addons-update@15.3.0
97 verbose afterAdd C:\Users\scarlile\AppData\Roaming\npm-cache\react-addons-update\15.3.0\package\package.json not in flight; writing
98 verbose correctMkdir C:\Users\scarlile\AppData\Roaming\npm-cache correctMkdir not in flight; initializing
99 verbose afterAdd C:\Users\scarlile\AppData\Roaming\npm-cache\react-addons-update\15.3.0\package\package.json written
100 silly install resolved [ { name: 'react-addons-update',
100 silly install resolved     version: '15.3.0',
100 silly install resolved     main: 'index.js',
100 silly install resolved     repository:
100 silly install resolved      { type: 'git',
100 silly install resolved        url: 'git+https://github.com/facebook/react.git' },
100 silly install resolved     keywords: [ 'react', 'react-addon' ],
100 silly install resolved     license: 'BSD-3-Clause',
100 silly install resolved     dependencies: {},
100 silly install resolved     peerDependencies: { react: '^15.3.0' },
100 silly install resolved     description: 'This package provides the React updates add-on.',
100 silly install resolved     bugs: { url: 'https://github.com/facebook/react/issues' },
100 silly install resolved     homepage: 'https://github.com/facebook/react#readme',
100 silly install resolved     _id: 'react-addons-update@15.3.0',
100 silly install resolved     _shasum: '69782a29e037d5a621f6da88c35442e3bf113029',
100 silly install resolved     _resolved: 'https://registry.npmjs.org/react-addons-update/-/react-addons-update-15.3.0.tgz',
100 silly install resolved     _from: 'react-addons-update@latest',
100 silly install resolved     scripts: {},
100 silly install resolved     _npmVersion: '3.9.6',
100 silly install resolved     _nodeVersion: '6.2.0',
100 silly install resolved     _npmUser: { name: 'zpao', email: 'paul@oshannessy.com' },
100 silly install resolved     maintainers: [ [Object], [Object], [Object], [Object], [Object], [Object] ],
100 silly install resolved     dist:
100 silly install resolved      { shasum: '69782a29e037d5a621f6da88c35442e3bf113029',
100 silly install resolved        tarball: 'https://registry.npmjs.org/react-addons-update/-/react-addons-update-15.3.0.tgz' },
100 silly install resolved     _npmOperationalInternal:
100 silly install resolved      { host: 'packages-12-west.internal.npmjs.com',
100 silly install resolved        tmp: 'tmp/react-addons-update-15.3.0.tgz_1469817491352_0.7800260330550373' },
100 silly install resolved     directories: {} } ]
101 info install react-addons-update@15.3.0 into C:\Users\scarlile\Documents\random JS\Node\kanban-app
102 info installOne react-addons-update@15.3.0
103 verbose installOne of react-addons-update to C:\Users\scarlile\Documents\random JS\Node\kanban-app not in flight; installing
104 verbose correctMkdir C:\Users\scarlile\AppData\Roaming\npm-cache\_locks correctMkdir not in flight; initializing
105 verbose lock using C:\Users\scarlile\AppData\Roaming\npm-cache\_locks\react-addons-update-bed1b5ab2fdef962.lock for C:\Users\scarlile\Documents\random JS\Node\kanban-app\node_modules\react-addons-update
106 silly install write writing react-addons-update 15.3.0 to C:\Users\scarlile\Documents\random JS\Node\kanban-app\node_modules\react-addons-update
107 verbose unbuild node_modules\react-addons-update
108 silly gentlyRm C:\Users\scarlile\Documents\random JS\Node\kanban-app\node_modules\react-addons-update is being purged from base C:\Users\scarlile\Documents\random JS\Node\kanban-app
109 verbose gentlyRm don't care about contents; nuking C:\Users\scarlile\Documents\random JS\Node\kanban-app\node_modules\react-addons-update
110 verbose tar unpack C:\Users\scarlile\AppData\Roaming\npm-cache\react-addons-update\15.3.0\package.tgz
111 verbose tar unpacking to C:\Users\scarlile\Documents\random JS\Node\kanban-app\node_modules\react-addons-update
112 silly gentlyRm C:\Users\scarlile\Documents\random JS\Node\kanban-app\node_modules\react-addons-update is being purged
113 verbose gentlyRm don't care about contents; nuking C:\Users\scarlile\Documents\random JS\Node\kanban-app\node_modules\react-addons-update
114 silly gunzTarPerm modes [ '777', '666' ]
115 silly gunzTarPerm extractEntry package.json
116 silly gunzTarPerm modified mode [ 'package.json', 420, 438 ]
117 silly gunzTarPerm extractEntry README.md
118 silly gunzTarPerm modified mode [ 'README.md', 420, 438 ]
119 silly gunzTarPerm extractEntry LICENSE
120 silly gunzTarPerm modified mode [ 'LICENSE', 420, 438 ]
121 silly gunzTarPerm extractEntry index.js
122 silly gunzTarPerm modified mode [ 'index.js', 420, 438 ]
123 silly gunzTarPerm extractEntry PATENTS
124 silly gunzTarPerm modified mode [ 'PATENTS', 420, 438 ]
125 verbose write writing to C:\Users\scarlile\Documents\random JS\Node\kanban-app\node_modules\react-addons-update\package.json
126 info preinstall react-addons-update@15.3.0
127 verbose readDependencies loading dependencies from C:\Users\scarlile\Documents\random JS\Node\kanban-app\node_modules\react-addons-update\package.json
128 silly prepareForInstallMany adding react@^15.3.0 from react-addons-update peerDependencies
129 warn peerDependencies The peer dependency react@^15.3.0 included from react-addons-update will no
130 warn peerDependencies longer be automatically installed to fulfill the peerDependency
131 warn peerDependencies in npm 3+. Your application will need to depend on it explicitly.
132 verbose readDependencies loading dependencies from C:\Users\scarlile\Documents\random JS\Node\kanban-app\node_modules\react-addons-update\package.json
133 silly install resolved []
134 verbose about to build C:\Users\scarlile\Documents\random JS\Node\kanban-app\node_modules\react-addons-update
135 info build C:\Users\scarlile\Documents\random JS\Node\kanban-app\node_modules\react-addons-update
136 info linkStuff react-addons-update@15.3.0
137 silly linkStuff react-addons-update@15.3.0 has C:\Users\scarlile\Documents\random JS\Node\kanban-app\node_modules as its parent node_modules
138 verbose linkBins react-addons-update@15.3.0
139 verbose linkMans react-addons-update@15.3.0
140 verbose rebuildBundles react-addons-update@15.3.0
141 info install react-addons-update@15.3.0
142 info postinstall react-addons-update@15.3.0
143 verbose readDependencies loading dependencies from C:\Users\scarlile\Documents\random JS\Node\kanban-app\package.json
144 verbose targetResolver reading package data from C:\Users\scarlile\Documents\random JS\Node\kanban-app\node_modules\alt\package.json
145 verbose targetResolver reading package data from C:\Users\scarlile\Documents\random JS\Node\kanban-app\node_modules\alt-container\package.json
146 verbose targetResolver reading package data from C:\Users\scarlile\Documents\random JS\Node\kanban-app\node_modules\alt-utils\package.json
147 verbose targetResolver reading package data from C:\Users\scarlile\Documents\random JS\Node\kanban-app\node_modules\babel-core\package.json
148 verbose targetResolver reading package data from C:\Users\scarlile\Documents\random JS\Node\kanban-app\node_modules\babel-eslint\package.json
149 verbose targetResolver reading package data from C:\Users\scarlile\Documents\random JS\Node\kanban-app\node_modules\babel-loader\package.json
150 verbose targetResolver reading package data from C:\Users\scarlile\Documents\random JS\Node\kanban-app\node_modules\babel-preset-es2015\package.json
151 verbose targetResolver reading package data from C:\Users\scarlile\Documents\random JS\Node\kanban-app\node_modules\babel-preset-react\package.json
152 verbose targetResolver reading package data from C:\Users\scarlile\Documents\random JS\Node\kanban-app\node_modules\babel-preset-react-hmre\package.json
153 verbose targetResolver reading package data from C:\Users\scarlile\Documents\random JS\Node\kanban-app\node_modules\babel-preset-survivejs-kanban\package.json
154 verbose targetResolver reading package data from C:\Users\scarlile\Documents\random JS\Node\kanban-app\node_modules\classnames\package.json
155 verbose targetResolver reading package data from C:\Users\scarlile\Documents\random JS\Node\kanban-app\node_modules\clean-webpack-plugin\package.json
156 verbose targetResolver reading package data from C:\Users\scarlile\Documents\random JS\Node\kanban-app\node_modules\css-loader\package.json
157 verbose targetResolver reading package data from C:\Users\scarlile\Documents\random JS\Node\kanban-app\node_modules\eslint\package.json
158 verbose targetResolver reading package data from C:\Users\scarlile\Documents\random JS\Node\kanban-app\node_modules\eslint-loader\package.json
159 verbose targetResolver reading package data from C:\Users\scarlile\Documents\random JS\Node\kanban-app\node_modules\eslint-plugin-react\package.json
160 verbose targetResolver reading package data from C:\Users\scarlile\Documents\random JS\Node\kanban-app\node_modules\expose-loader\package.json
161 verbose targetResolver reading package data from C:\Users\scarlile\Documents\random JS\Node\kanban-app\node_modules\extract-text-webpack-plugin\package.json
162 verbose targetResolver reading package data from C:\Users\scarlile\Documents\random JS\Node\kanban-app\node_modules\gh-pages\package.json
163 verbose targetResolver reading package data from C:\Users\scarlile\Documents\random JS\Node\kanban-app\node_modules\html-webpack-plugin\package.json
164 verbose targetResolver reading package data from C:\Users\scarlile\Documents\random JS\Node\kanban-app\node_modules\html-webpack-template\package.json
165 verbose targetResolver reading package data from C:\Users\scarlile\Documents\random JS\Node\kanban-app\node_modules\isparta-instrumenter-loader\package.json
166 verbose targetResolver reading package data from C:\Users\scarlile\Documents\random JS\Node\kanban-app\node_modules\karma\package.json
167 verbose targetResolver reading package data from C:\Users\scarlile\Documents\random JS\Node\kanban-app\node_modules\karma-coverage\package.json
168 verbose targetResolver reading package data from C:\Users\scarlile\Documents\random JS\Node\kanban-app\node_modules\karma-mocha\package.json
169 verbose targetResolver reading package data from C:\Users\scarlile\Documents\random JS\Node\kanban-app\node_modules\karma-phantomjs-launcher\package.json
170 verbose targetResolver reading package data from C:\Users\scarlile\Documents\random JS\Node\kanban-app\node_modules\karma-sourcemap-loader\package.json
171 verbose targetResolver reading package data from C:\Users\scarlile\Documents\random JS\Node\kanban-app\node_modules\karma-spec-reporter\package.json
172 verbose targetResolver reading package data from C:\Users\scarlile\Documents\random JS\Node\kanban-app\node_modules\karma-webpack\package.json
173 verbose targetResolver reading package data from C:\Users\scarlile\Documents\random JS\Node\kanban-app\node_modules\mocha\package.json
174 verbose targetResolver reading package data from C:\Users\scarlile\Documents\random JS\Node\kanban-app\node_modules\npm-install-webpack-plugin\package.json
175 verbose targetResolver reading package data from C:\Users\scarlile\Documents\random JS\Node\kanban-app\node_modules\phantomjs-polyfill\package.json
176 verbose targetResolver reading package data from C:\Users\scarlile\Documents\random JS\Node\kanban-app\node_modules\phantomjs-prebuilt\package.json
177 verbose targetResolver reading package data from C:\Users\scarlile\Documents\random JS\Node\kanban-app\node_modules\react\package.json
178 verbose targetResolver reading package data from C:\Users\scarlile\Documents\random JS\Node\kanban-app\node_modules\react-addons-perf\package.json
179 verbose targetResolver reading package data from C:\Users\scarlile\Documents\random JS\Node\kanban-app\node_modules\react-addons-test-utils\package.json
180 verbose targetResolver reading package data from C:\Users\scarlile\Documents\random JS\Node\kanban-app\node_modules\react-addons-update\package.json
181 verbose targetResolver reading package data from C:\Users\scarlile\Documents\random JS\Node\kanban-app\node_modules\react-dnd\package.json
182 verbose targetResolver reading package data from C:\Users\scarlile\Documents\random JS\Node\kanban-app\node_modules\react-dnd-html5-backend\package.json
183 verbose targetResolver reading package data from C:\Users\scarlile\Documents\random JS\Node\kanban-app\node_modules\react-dom\package.json
184 verbose targetResolver reading package data from C:\Users\scarlile\Documents\random JS\Node\kanban-app\node_modules\redux\package.json
185 verbose targetResolver reading package data from C:\Users\scarlile\Documents\random JS\Node\kanban-app\node_modules\style-loader\package.json
186 verbose targetResolver reading package data from C:\Users\scarlile\Documents\random JS\Node\kanban-app\node_modules\uuid\package.json
187 verbose targetResolver reading package data from C:\Users\scarlile\Documents\random JS\Node\kanban-app\node_modules\webpack\package.json
188 verbose targetResolver reading package data from C:\Users\scarlile\Documents\random JS\Node\kanban-app\node_modules\webpack-dev-server\package.json
189 verbose targetResolver reading package data from C:\Users\scarlile\Documents\random JS\Node\kanban-app\node_modules\webpack-merge\package.json
190 verbose targetResolver reading package data from C:\Users\scarlile\Documents\random JS\Node\kanban-app\node_modules\webpack-validator\package.json
191 verbose targetResolver reading package data from C:\Users\scarlile\Documents\random JS\Node\kanban-app\node_modules\.bin\eslint\package.json
192 verbose targetResolver reading package data from C:\Users\scarlile\Documents\random JS\Node\kanban-app\node_modules\.bin\eslint.cmd\package.json
193 verbose targetResolver reading package data from C:\Users\scarlile\Documents\random JS\Node\kanban-app\node_modules\.bin\gh-pages\package.json
194 verbose targetResolver reading package data from C:\Users\scarlile\Documents\random JS\Node\kanban-app\node_modules\.bin\gh-pages.cmd\package.json
195 verbose targetResolver reading package data from C:\Users\scarlile\Documents\random JS\Node\kanban-app\node_modules\.bin\karma\package.json
196 verbose targetResolver reading package data from C:\Users\scarlile\Documents\random JS\Node\kanban-app\node_modules\.bin\karma.cmd\package.json
197 verbose targetResolver reading package data from C:\Users\scarlile\Documents\random JS\Node\kanban-app\node_modules\.bin\mocha\package.json
198 verbose targetResolver reading package data from C:\Users\scarlile\Documents\random JS\Node\kanban-app\node_modules\.bin\mocha.cmd\package.json
199 verbose targetResolver reading package data from C:\Users\scarlile\Documents\random JS\Node\kanban-app\node_modules\.bin\phantomjs\package.json
200 verbose targetResolver reading package data from C:\Users\scarlile\Documents\random JS\Node\kanban-app\node_modules\.bin\phantomjs.cmd\package.json
201 verbose targetResolver reading package data from C:\Users\scarlile\Documents\random JS\Node\kanban-app\node_modules\.bin\webpack\package.json
202 verbose targetResolver reading package data from C:\Users\scarlile\Documents\random JS\Node\kanban-app\node_modules\.bin\webpack-dev-server\package.json
203 verbose targetResolver reading package data from C:\Users\scarlile\Documents\random JS\Node\kanban-app\node_modules\.bin\webpack-dev-server.cmd\package.json
204 verbose targetResolver reading package data from C:\Users\scarlile\Documents\random JS\Node\kanban-app\node_modules\.bin\webpack-validator\package.json
205 verbose targetResolver reading package data from C:\Users\scarlile\Documents\random JS\Node\kanban-app\node_modules\.bin\webpack-validator.cmd\package.json
206 verbose targetResolver reading package data from C:\Users\scarlile\Documents\random JS\Node\kanban-app\node_modules\.bin\webpack.cmd\package.json
207 verbose already installed skipping react@^15.3.0 C:\Users\scarlile\Documents\random JS\Node\kanban-app
208 silly install resolved []
209 verbose unlock done using C:\Users\scarlile\AppData\Roaming\npm-cache\_locks\react-addons-update-bed1b5ab2fdef962.lock for C:\Users\scarlile\Documents\random JS\Node\kanban-app\node_modules\react-addons-update
210 verbose validateInstall loading C:\Users\scarlile\Documents\random JS\Node\kanban-app\package.json for validation
211 verbose stack Error: The package react@15.2.1 does not satisfy its siblings' peerDependencies requirements!
211 verbose stack     at C:\Program Files\nodejs\node_modules\npm\lib\install.js:125:32
211 verbose stack     at C:\Program Files\nodejs\node_modules\npm\lib\install.js:268:7
211 verbose stack     at C:\Program Files\nodejs\node_modules\npm\node_modules\read-installed\read-installed.js:142:5
211 verbose stack     at C:\Program Files\nodejs\node_modules\npm\node_modules\read-installed\read-installed.js:263:14
211 verbose stack     at cb (C:\Program Files\nodejs\node_modules\npm\node_modules\slide\lib\async-map.js:47:24)
211 verbose stack     at C:\Program Files\nodejs\node_modules\npm\node_modules\read-installed\read-installed.js:263:14
211 verbose stack     at cb (C:\Program Files\nodejs\node_modules\npm\node_modules\slide\lib\async-map.js:47:24)
211 verbose stack     at C:\Program Files\nodejs\node_modules\npm\node_modules\read-installed\read-installed.js:263:14
211 verbose stack     at cb (C:\Program Files\nodejs\node_modules\npm\node_modules\slide\lib\async-map.js:47:24)
211 verbose stack     at C:\Program Files\nodejs\node_modules\npm\node_modules\read-installed\read-installed.js:263:14
212 verbose cwd C:\Users\scarlile\Documents\random JS\Node\kanban-app
213 error Windows_NT 10.0.10586
214 error argv "C:\\Program Files\\nodejs\\node.exe" "C:\\Program Files\\nodejs\\node_modules\\npm\\bin\\npm-cli.js" "install" "react-addons-update" "--save"
215 error node v4.4.7
216 error npm  v2.15.8
217 error code EPEERINVALID
218 error peerinvalid The package react@15.2.1 does not satisfy its siblings' peerDependencies requirements!
218 error peerinvalid Peer react-dnd@2.1.4 wants react@^0.14.0 || ^15.0.0-0
218 error peerinvalid Peer react-dom@15.2.1 wants react@^15.2.1
218 error peerinvalid Peer react-addons-perf@15.2.1 wants react@^15.2.1
218 error peerinvalid Peer react-addons-test-utils@15.2.1 wants react@^15.2.1
218 error peerinvalid Peer react-addons-update@15.3.0 wants react@^15.3.0
219 verbose exit [ 1, true ]
